{"level":"info","msg":"Инициализация модулей приложения...","time":"2024-12-28T15:40:26+05:00"}
{"level":"info","msg":"Используемое окружение: prod","time":"2024-12-28T15:40:26+05:00"}
{"level":"info","msg":"Все модули успешно инициализированы.","time":"2024-12-28T15:40:26+05:00"}
{"level":"info","msg":"Приложение запущено успешно за 530.5µs","time":"2024-12-28T15:40:26+05:00"}
time="2024-12-28T15:41:20+05:00" level=info msg="Инициализация модулей приложения..."
time="2024-12-28T15:41:20+05:00" level=info msg="Используемое окружение: dev"
time="2024-12-28T15:41:20+05:00" level=info msg="Все модули успешно инициализированы."
time="2024-12-28T15:41:20+05:00" level=info msg="Приложение запущено успешно за 1.002875ms"
LOGRUS: [32m[2024-12-28T15:42:24+05:00] info    [0m Инициализация модулей приложения...
LOGRUS: [32m[2024-12-28T15:42:24+05:00] info    [0m Используемое окружение: dev
LOGRUS: [32m[2024-12-28T15:42:24+05:00] info    [0m Все модули успешно инициализированы.
LOGRUS: [32m[2024-12-28T15:42:24+05:00] info    [0m Приложение запущено успешно за 1.10675ms
LOGRUS: [32m[2024-12-28T15:43:24+05:00] info    [0m Инициализация модулей приложения...
LOGRUS: [32m[2024-12-28T15:43:24+05:00] info    [0m Используемое окружение: dev
LOGRUS: [32m[2024-12-28T15:43:24+05:00] info    [0m Все модули успешно инициализированы.
LOGRUS: [32m[2024-12-28T15:43:24+05:00] info    [0m Приложение запущено успешно за 1.250375ms
LOGRUS: [32m[2024-12-28T15:43:46+05:00] info    [0m Инициализация модулей приложения...
LOGRUS: [32m[2024-12-28T15:43:46+05:00] info    [0m Используемое окружение: dev
LOGRUS: [32m[2024-12-28T15:43:46+05:00] info    [0m Все модули успешно инициализированы.
LOGRUS: [32m[2024-12-28T15:43:46+05:00] info    [0m Приложение запущено успешно за 1.251416ms
LOGRUS: [32m[2024-12-28T15:43:55+05:00] info    [0m Инициализация модулей приложения...
LOGRUS: [32m[2024-12-28T15:43:55+05:00] info    [0m Используемое окружение: dev
LOGRUS: [32m[2024-12-28T15:43:55+05:00] info    [0m Все модули успешно инициализированы.
LOGRUS: [32m[2024-12-28T15:43:55+05:00] info    [0m Приложение запущено успешно за 520.167µs
LOGRUS: [32m[2024-12-28T15:44:21+05:00] info    [0m Инициализация модулей приложения...
LOGRUS: [32m[2024-12-28T15:44:21+05:00] info    [0m Используемое окружение: dev
LOGRUS: [32m[2024-12-28T15:44:21+05:00] info    [0m Все модули успешно инициализированы.
LOGRUS: [32m[2024-12-28T15:44:21+05:00] info    [0m Приложение запущено успешно за 855.042µs
LOGRUS: [32m[2024-12-28T15:52:50+05:00] info    [0m Инициализация модулей приложения...
LOGRUS: [32m[2024-12-28T15:52:50+05:00] info    [0m Используемое окружение: dev
LOGRUS: [32m[2024-12-28T15:52:50+05:00] info    [0m Все модули успешно инициализированы.
LOGRUS: [32m[2024-12-28T15:52:50+05:00] info    [0m Приложение запущено успешно за 1.199917ms
LOGRUS: [32m[2024-12-28T15:58:28+05:00] info    [0m Инициализация модулей завершена. Среда: dev
LOGRUS: [32m[2024-12-28T15:58:28+05:00] info    [0m Запуск REST API сервера на 0.0.0.0:8080
LOGRUS: [32m[2024-12-28T16:00:52+05:00] info    [0m Получен сигнал завершения. Остановка сервера...
LOGRUS: [32m[2024-12-28T16:00:52+05:00] info    [0m Сервер успешно остановлен.
LOGRUS: [32m[2024-12-28T16:00:52+05:00] info    [0m Приложение запущено успешно за 2m23.9809305s
LOGRUS: [32m[2024-12-28T16:00:55+05:00] info    [0m Инициализация модулей завершена. Среда: dev
LOGRUS: [32m[2024-12-28T16:00:55+05:00] info    [0m Запуск REST API сервера на 0.0.0.0:8080
LOGRUS: [32m[2024-12-28T16:06:25+05:00] info    [0m Получен сигнал завершения. Остановка сервера...
LOGRUS: [32m[2024-12-28T16:06:25+05:00] info    [0m Сервер успешно остановлен.
LOGRUS: [32m[2024-12-28T16:06:25+05:00] info    [0m Приложение запущено успешно за 5m29.488164917s
LOGRUS: [32m[2024-12-28T16:14:43+05:00] info    [0m Инициализация модулей завершена. Среда: dev
LOGRUS: [32m[2024-12-28T16:14:43+05:00] info    [0m Запуск REST API сервера на 0.0.0.0:8080
LOGRUS: [32m[2024-12-28T16:19:48+05:00] info    [0m Получен сигнал завершения. Остановка сервера...
LOGRUS: [32m[2024-12-28T16:19:48+05:00] info    [0m Сервер успешно остановлен.
LOGRUS: [32m[2024-12-28T16:19:48+05:00] info    [0m Приложение запущено успешно за 5m4.492061833s
